2025-09-16 20:52:00 | WARN | repo=arquillian-phantom-binary | action=commit
2025-03-07 07:25:00 | INFO | repo=arquillian-phantom-binary | action=commit
2025-11-09 16:21:00 | WARN | repo=arquillian-phantom-binary | action=commit
2025-02-26 19:54:00 | INFO | repo=arquillian-phantom-binary | action=commit
2025-11-02 16:21:00 | INFO | repo=arquillian-phantom-binary | action=commit
2025-04-24 09:40:00 | WARN | repo=arquillian-phantom-binary | action=commit
2025-01-24 18:09:00 | DEBUG | repo=arquillian-phantom-binary | action=commit
2025-02-20 16:21:00 | INFO | repo=arquillian-phantom-binary | action=commit
2025-08-05 16:55:00 | WARN | repo=arquillian-phantom-binary | action=commit
2025-05-25 20:29:00 | INFO | repo=arquillian-phantom-binary | action=commit
2025-06-26 08:37:00 | INFO | repo=arquillian-phantom-binary | action=commit
2025-07-22 15:14:00 | WARN | repo=arquillian-phantom-binary | action=commit
2025-01-11 14:25:00 | WARN | repo=arquillian-phantom-binary | action=edit | files=2
2025-01-10 18:54:00 | WARN | repo=arquillian-phantom-binary | action=commit
2025-09-10 08:10:00 | INFO | repo=arquillian-phantom-binary | action=commit
2025-04-19 07:30:00 | WARN | repo=arquillian-phantom-binary | action=commit
2025-08-17 14:15:00 | INFO | repo=arquillian-phantom-binary | action=commit
2025-06-27 08:20:00 | WARN | repo=arquillian-phantom-binary | action=commit
2025-07-12 09:04:00 | WARN | repo=arquillian-phantom-binary | action=commit
2025-08-05 08:56:00 | WARN | repo=arquillian-phantom-binary | action=commit
2025-04-13 10:03:00 | WARN | repo=arquillian-phantom-binary | action=commit
2025-03-08 14:17:00 | WARN | repo=arquillian-phantom-binary | action=pull
2025-12-17 09:51:00 | DEBUG | repo=arquillian-phantom-binary | action=test | passed=true
2025-01-19 20:07:00 | WARN | repo=arquillian-phantom-binary | action=commit
2025-08-12 14:40:00 | WARN | repo=arquillian-phantom-binary | action=commit
2025-05-22 09:21:00 | INFO | repo=arquillian-phantom-binary | action=commit
2025-10-20 12:02:00 | INFO | repo=arquillian-phantom-binary | action=commit
2025-02-08 19:52:00 | INFO | repo=arquillian-phantom-binary | action=commit
2025-02-22 20:18:00 | WARN | repo=arquillian-phantom-binary | action=commit
2025-11-28 08:29:00 | DEBUG | repo=arquillian-phantom-binary | action=edit | files=1
2025-05-26 11:51:00 | WARN | repo=arquillian-phantom-binary | action=commit
2025-08-06 07:12:00 | WARN | repo=arquillian-phantom-binary | action=pull
2025-10-21 12:26:00 | DEBUG | repo=arquillian-phantom-binary | action=commit
2025-08-27 19:56:00 | WARN | repo=arquillian-phantom-binary | action=pull
2025-05-15 16:27:00 | INFO | repo=arquillian-phantom-binary | action=commit
2025-08-20 13:31:00 | DEBUG | repo=arquillian-phantom-binary | action=commit
2025-08-10 12:06:00 | WARN | repo=arquillian-phantom-binary | action=edit | files=4
2025-08-26 14:05:00 | INFO | repo=arquillian-phantom-binary | action=edit | files=5
2025-12-13 08:56:00 | DEBUG | repo=arquillian-phantom-binary | action=commit
2025-05-12 17:48:00 | INFO | repo=arquillian-phantom-binary | action=commit
2025-09-17 08:34:00 | WARN | repo=arquillian-phantom-binary | action=commit
2025-08-27 19:03:00 | DEBUG | repo=arquillian-phantom-binary | action=commit
2025-09-19 17:42:00 | DEBUG | repo=arquillian-phantom-binary | action=commit
2025-11-17 16:09:00 | INFO | repo=arquillian-phantom-binary | action=commit
2025-11-17 09:08:00 | DEBUG | repo=arquillian-phantom-binary | action=commit
2025-07-07 21:43:00 | DEBUG | repo=arquillian-phantom-binary | action=commit
2025-01-25 09:23:00 | WARN | repo=arquillian-phantom-binary | action=commit
2025-03-25 20:27:00 | WARN | repo=arquillian-phantom-binary | action=commit
2025-03-04 20:12:00 | INFO | repo=arquillian-phantom-binary | action=commit
2025-05-03 07:12:00 | WARN | repo=arquillian-phantom-binary | action=pull
2025-12-21 07:35:00 | DEBUG | repo=arquillian-phantom-binary | action=pull
2025-04-09 18:33:00 | INFO | repo=arquillian-phantom-binary | action=commit
2025-12-17 11:30:00 | WARN | repo=arquillian-phantom-binary | action=commit
2025-03-01 07:04:00 | INFO | repo=arquillian-phantom-binary | action=commit
2025-07-13 12:39:00 | INFO | repo=arquillian-phantom-binary | action=commit
2025-05-23 21:48:00 | INFO | repo=arquillian-phantom-binary | action=commit
2025-04-23 19:22:00 | DEBUG | repo=arquillian-phantom-binary | action=commit
2025-08-08 17:34:00 | INFO | repo=arquillian-phantom-binary | action=commit
2025-12-16 20:35:00 | INFO | repo=arquillian-phantom-binary | action=pull
2025-04-22 08:32:00 | INFO | repo=arquillian-phantom-binary | action=commit
2025-04-13 13:26:00 | DEBUG | repo=arquillian-phantom-binary | action=commit
2025-03-20 15:51:00 | INFO | repo=arquillian-phantom-binary | action=commit
2025-12-27 19:41:00 | INFO | repo=arquillian-phantom-binary | action=commit
2025-11-21 19:38:00 | WARN | repo=arquillian-phantom-binary | action=commit
2025-04-13 13:20:00 | INFO | repo=arquillian-phantom-binary | action=commit
2025-04-17 20:40:00 | INFO | repo=arquillian-phantom-binary | action=commit
2025-02-23 12:05:00 | DEBUG | repo=arquillian-phantom-binary | action=commit
2025-05-18 18:01:00 | WARN | repo=arquillian-phantom-binary | action=commit
2025-10-22 18:27:00 | DEBUG | repo=arquillian-phantom-binary | action=pull
2025-11-26 10:15:00 | DEBUG | repo=arquillian-phantom-binary | action=edit | files=5
2025-05-06 07:03:00 | INFO | repo=arquillian-phantom-binary | action=commit
2025-07-19 12:36:00 | DEBUG | repo=arquillian-phantom-binary | action=edit | files=1
2025-10-21 20:28:00 | INFO | repo=arquillian-phantom-binary | action=commit
2025-12-08 13:11:00 | INFO | repo=arquillian-phantom-binary | action=test | passed=true
2025-07-09 20:38:00 | WARN | repo=arquillian-phantom-binary | action=commit
2025-04-06 14:45:00 | INFO | repo=arquillian-phantom-binary | action=commit
2025-12-12 16:50:00 | INFO | repo=arquillian-phantom-binary | action=commit
2025-01-26 14:20:00 | WARN | repo=arquillian-phantom-binary | action=commit
2025-11-01 20:27:00 | WARN | repo=arquillian-phantom-binary | action=commit
2025-01-17 20:51:00 | DEBUG | repo=arquillian-phantom-binary | action=commit
2025-12-10 13:40:00 | DEBUG | repo=arquillian-phantom-binary | action=commit
2025-08-15 08:20:00 | INFO | repo=arquillian-phantom-binary | action=commit
2025-03-01 07:35:00 | DEBUG | repo=arquillian-phantom-binary | action=pull
2025-10-02 11:00:00 | WARN | repo=arquillian-phantom-binary | action=commit
2025-12-01 17:12:00 | DEBUG | repo=arquillian-phantom-binary | action=commit
2025-03-16 15:35:00 | INFO | repo=arquillian-phantom-binary | action=commit
2025-10-10 10:02:00 | DEBUG | repo=arquillian-phantom-binary | action=commit
